<?xml version="1.0" encoding="UTF-8"?>
<testsuite xmlns:xsi="http://www.w3.org/2001/XMLSchema-instance" xsi:noNamespaceSchemaLocation="https://maven.apache.org/surefire/maven-surefire-plugin/xsd/surefire-test-report.xsd" name="io.confluent.examples.scs_demo.ScsDemoApplicationTests" time="4.184" tests="1" errors="0" skipped="0" failures="0">
  <properties>
    <property name="gopherProxySet" value="false"/>
    <property name="awt.toolkit" value="sun.lwawt.macosx.LWCToolkit"/>
    <property name="java.specification.version" value="10"/>
    <property name="file.encoding.pkg" value="sun.io"/>
    <property name="sun.cpu.isalist" value=""/>
    <property name="sun.jnu.encoding" value="UTF-8"/>
    <property name="java.class.path" value="/Users/mic.hussey/Documents/GitHub/cp-spring_cloud_streams-example/target/test-classes:/Users/mic.hussey/Documents/GitHub/cp-spring_cloud_streams-example/target/classes:/Users/mic.hussey/.m2/repository/org/springframework/cloud/spring-cloud-stream/2.0.1.RELEASE/spring-cloud-stream-2.0.1.RELEASE.jar:/Users/mic.hussey/.m2/repository/org/springframework/boot/spring-boot-starter-validation/2.0.5.RELEASE/spring-boot-starter-validation-2.0.5.RELEASE.jar:/Users/mic.hussey/.m2/repository/org/apache/tomcat/embed/tomcat-embed-el/8.5.34/tomcat-embed-el-8.5.34.jar:/Users/mic.hussey/.m2/repository/org/hibernate/validator/hibernate-validator/6.0.12.Final/hibernate-validator-6.0.12.Final.jar:/Users/mic.hussey/.m2/repository/javax/validation/validation-api/2.0.1.Final/validation-api-2.0.1.Final.jar:/Users/mic.hussey/.m2/repository/org/jboss/logging/jboss-logging/3.3.2.Final/jboss-logging-3.3.2.Final.jar:/Users/mic.hussey/.m2/repository/com/fasterxml/classmate/1.3.4/classmate-1.3.4.jar:/Users/mic.hussey/.m2/repository/org/springframework/spring-messaging/5.0.9.RELEASE/spring-messaging-5.0.9.RELEASE.jar:/Users/mic.hussey/.m2/repository/org/springframework/spring-beans/5.0.9.RELEASE/spring-beans-5.0.9.RELEASE.jar:/Users/mic.hussey/.m2/repository/org/springframework/integration/spring-integration-core/5.0.8.RELEASE/spring-integration-core-5.0.8.RELEASE.jar:/Users/mic.hussey/.m2/repository/org/springframework/spring-aop/5.0.9.RELEASE/spring-aop-5.0.9.RELEASE.jar:/Users/mic.hussey/.m2/repository/io/projectreactor/reactor-core/3.1.9.RELEASE/reactor-core-3.1.9.RELEASE.jar:/Users/mic.hussey/.m2/repository/org/reactivestreams/reactive-streams/1.0.2/reactive-streams-1.0.2.jar:/Users/mic.hussey/.m2/repository/org/springframework/integration/spring-integration-jmx/5.0.8.RELEASE/spring-integration-jmx-5.0.8.RELEASE.jar:/Users/mic.hussey/.m2/repository/org/springframework/spring-tuple/1.0.0.RELEASE/spring-tuple-1.0.0.RELEASE.jar:/Users/mic.hussey/.m2/repository/com/esotericsoftware/kryo-shaded/3.0.3/kryo-shaded-3.0.3.jar:/Users/mic.hussey/.m2/repository/com/esotericsoftware/minlog/1.3.0/minlog-1.3.0.jar:/Users/mic.hussey/.m2/repository/com/fasterxml/jackson/core/jackson-databind/2.9.6/jackson-databind-2.9.6.jar:/Users/mic.hussey/.m2/repository/com/fasterxml/jackson/core/jackson-annotations/2.9.0/jackson-annotations-2.9.0.jar:/Users/mic.hussey/.m2/repository/com/fasterxml/jackson/core/jackson-core/2.9.6/jackson-core-2.9.6.jar:/Users/mic.hussey/.m2/repository/org/springframework/integration/spring-integration-tuple/1.0.0.RELEASE/spring-integration-tuple-1.0.0.RELEASE.jar:/Users/mic.hussey/.m2/repository/org/springframework/retry/spring-retry/1.2.2.RELEASE/spring-retry-1.2.2.RELEASE.jar:/Users/mic.hussey/.m2/repository/org/springframework/cloud/spring-cloud-stream-binder-kafka/2.0.1.RELEASE/spring-cloud-stream-binder-kafka-2.0.1.RELEASE.jar:/Users/mic.hussey/.m2/repository/org/springframework/cloud/spring-cloud-stream-binder-kafka-core/2.0.1.RELEASE/spring-cloud-stream-binder-kafka-core-2.0.1.RELEASE.jar:/Users/mic.hussey/.m2/repository/org/springframework/integration/spring-integration-kafka/3.0.3.RELEASE/spring-integration-kafka-3.0.3.RELEASE.jar:/Users/mic.hussey/.m2/repository/org/apache/kafka/kafka-clients/1.0.2/kafka-clients-1.0.2.jar:/Users/mic.hussey/.m2/repository/org/lz4/lz4-java/1.4/lz4-java-1.4.jar:/Users/mic.hussey/.m2/repository/org/xerial/snappy/snappy-java/1.1.4/snappy-java-1.1.4.jar:/Users/mic.hussey/.m2/repository/org/slf4j/slf4j-api/1.7.25/slf4j-api-1.7.25.jar:/Users/mic.hussey/.m2/repository/org/springframework/kafka/spring-kafka/2.1.10.RELEASE/spring-kafka-2.1.10.RELEASE.jar:/Users/mic.hussey/.m2/repository/org/springframework/spring-context/5.0.9.RELEASE/spring-context-5.0.9.RELEASE.jar:/Users/mic.hussey/.m2/repository/org/springframework/spring-expression/5.0.9.RELEASE/spring-expression-5.0.9.RELEASE.jar:/Users/mic.hussey/.m2/repository/org/springframework/spring-tx/5.0.9.RELEASE/spring-tx-5.0.9.RELEASE.jar:/Users/mic.hussey/.m2/repository/org/springframework/boot/spring-boot-starter-test/2.0.5.RELEASE/spring-boot-starter-test-2.0.5.RELEASE.jar:/Users/mic.hussey/.m2/repository/org/springframework/boot/spring-boot-starter/2.0.5.RELEASE/spring-boot-starter-2.0.5.RELEASE.jar:/Users/mic.hussey/.m2/repository/org/springframework/boot/spring-boot/2.0.5.RELEASE/spring-boot-2.0.5.RELEASE.jar:/Users/mic.hussey/.m2/repository/org/springframework/boot/spring-boot-starter-logging/2.0.5.RELEASE/spring-boot-starter-logging-2.0.5.RELEASE.jar:/Users/mic.hussey/.m2/repository/ch/qos/logback/logback-classic/1.2.3/logback-classic-1.2.3.jar:/Users/mic.hussey/.m2/repository/ch/qos/logback/logback-core/1.2.3/logback-core-1.2.3.jar:/Users/mic.hussey/.m2/repository/org/apache/logging/log4j/log4j-to-slf4j/2.10.0/log4j-to-slf4j-2.10.0.jar:/Users/mic.hussey/.m2/repository/org/apache/logging/log4j/log4j-api/2.10.0/log4j-api-2.10.0.jar:/Users/mic.hussey/.m2/repository/org/slf4j/jul-to-slf4j/1.7.25/jul-to-slf4j-1.7.25.jar:/Users/mic.hussey/.m2/repository/javax/annotation/javax.annotation-api/1.3.2/javax.annotation-api-1.3.2.jar:/Users/mic.hussey/.m2/repository/org/yaml/snakeyaml/1.19/snakeyaml-1.19.jar:/Users/mic.hussey/.m2/repository/org/springframework/boot/spring-boot-test/2.0.5.RELEASE/spring-boot-test-2.0.5.RELEASE.jar:/Users/mic.hussey/.m2/repository/org/springframework/boot/spring-boot-test-autoconfigure/2.0.5.RELEASE/spring-boot-test-autoconfigure-2.0.5.RELEASE.jar:/Users/mic.hussey/.m2/repository/com/jayway/jsonpath/json-path/2.4.0/json-path-2.4.0.jar:/Users/mic.hussey/.m2/repository/net/minidev/json-smart/2.3/json-smart-2.3.jar:/Users/mic.hussey/.m2/repository/net/minidev/accessors-smart/1.2/accessors-smart-1.2.jar:/Users/mic.hussey/.m2/repository/org/ow2/asm/asm/5.0.4/asm-5.0.4.jar:/Users/mic.hussey/.m2/repository/junit/junit/4.12/junit-4.12.jar:/Users/mic.hussey/.m2/repository/org/assertj/assertj-core/3.9.1/assertj-core-3.9.1.jar:/Users/mic.hussey/.m2/repository/org/mockito/mockito-core/2.15.0/mockito-core-2.15.0.jar:/Users/mic.hussey/.m2/repository/net/bytebuddy/byte-buddy/1.7.11/byte-buddy-1.7.11.jar:/Users/mic.hussey/.m2/repository/net/bytebuddy/byte-buddy-agent/1.7.11/byte-buddy-agent-1.7.11.jar:/Users/mic.hussey/.m2/repository/org/objenesis/objenesis/2.6/objenesis-2.6.jar:/Users/mic.hussey/.m2/repository/org/hamcrest/hamcrest-core/1.3/hamcrest-core-1.3.jar:/Users/mic.hussey/.m2/repository/org/hamcrest/hamcrest-library/1.3/hamcrest-library-1.3.jar:/Users/mic.hussey/.m2/repository/org/skyscreamer/jsonassert/1.5.0/jsonassert-1.5.0.jar:/Users/mic.hussey/.m2/repository/com/vaadin/external/google/android-json/0.0.20131108.vaadin1/android-json-0.0.20131108.vaadin1.jar:/Users/mic.hussey/.m2/repository/org/springframework/spring-core/5.0.9.RELEASE/spring-core-5.0.9.RELEASE.jar:/Users/mic.hussey/.m2/repository/org/springframework/spring-jcl/5.0.9.RELEASE/spring-jcl-5.0.9.RELEASE.jar:/Users/mic.hussey/.m2/repository/org/springframework/spring-test/5.0.9.RELEASE/spring-test-5.0.9.RELEASE.jar:/Users/mic.hussey/.m2/repository/org/xmlunit/xmlunit-core/2.5.1/xmlunit-core-2.5.1.jar:/Users/mic.hussey/.m2/repository/org/springframework/cloud/spring-cloud-stream-test-support/2.0.1.RELEASE/spring-cloud-stream-test-support-2.0.1.RELEASE.jar:/Users/mic.hussey/.m2/repository/org/springframework/boot/spring-boot-autoconfigure/2.0.5.RELEASE/spring-boot-autoconfigure-2.0.5.RELEASE.jar:"/>
    <property name="java.vm.vendor" value="&quot;Oracle Corporation&quot;"/>
    <property name="sun.arch.data.model" value="64"/>
    <property name="java.vendor.url" value="http://java.oracle.com/"/>
    <property name="user.timezone" value=""/>
    <property name="java.vm.specification.version" value="10"/>
    <property name="os.name" value="Mac OS X"/>
    <property name="sun.java.launcher" value="SUN_STANDARD"/>
    <property name="user.country" value="GB"/>
    <property name="sun.boot.library.path" value="/Library/Java/JavaVirtualMachines/jdk-10.0.1.jdk/Contents/Home/lib"/>
    <property name="sun.java.command" value="/Users/mic.hussey/Documents/GitHub/cp-spring_cloud_streams-example/target/surefire/surefirebooter18052413778729248499.jar /Users/mic.hussey/Documents/GitHub/cp-spring_cloud_streams-example/target/surefire 2018-10-09T23-09-08_692-jvmRun1 surefire7639342841628526925tmp surefire_06339488374073079640tmp"/>
    <property name="http.nonProxyHosts" value="local|*.local|169.254/16|*.169.254/16"/>
    <property name="jdk.debug" value="release"/>
    <property name="surefire.test.class.path" value="/Users/mic.hussey/Documents/GitHub/cp-spring_cloud_streams-example/target/test-classes:/Users/mic.hussey/Documents/GitHub/cp-spring_cloud_streams-example/target/classes:/Users/mic.hussey/.m2/repository/org/springframework/cloud/spring-cloud-stream/2.0.1.RELEASE/spring-cloud-stream-2.0.1.RELEASE.jar:/Users/mic.hussey/.m2/repository/org/springframework/boot/spring-boot-starter-validation/2.0.5.RELEASE/spring-boot-starter-validation-2.0.5.RELEASE.jar:/Users/mic.hussey/.m2/repository/org/apache/tomcat/embed/tomcat-embed-el/8.5.34/tomcat-embed-el-8.5.34.jar:/Users/mic.hussey/.m2/repository/org/hibernate/validator/hibernate-validator/6.0.12.Final/hibernate-validator-6.0.12.Final.jar:/Users/mic.hussey/.m2/repository/javax/validation/validation-api/2.0.1.Final/validation-api-2.0.1.Final.jar:/Users/mic.hussey/.m2/repository/org/jboss/logging/jboss-logging/3.3.2.Final/jboss-logging-3.3.2.Final.jar:/Users/mic.hussey/.m2/repository/com/fasterxml/classmate/1.3.4/classmate-1.3.4.jar:/Users/mic.hussey/.m2/repository/org/springframework/spring-messaging/5.0.9.RELEASE/spring-messaging-5.0.9.RELEASE.jar:/Users/mic.hussey/.m2/repository/org/springframework/spring-beans/5.0.9.RELEASE/spring-beans-5.0.9.RELEASE.jar:/Users/mic.hussey/.m2/repository/org/springframework/integration/spring-integration-core/5.0.8.RELEASE/spring-integration-core-5.0.8.RELEASE.jar:/Users/mic.hussey/.m2/repository/org/springframework/spring-aop/5.0.9.RELEASE/spring-aop-5.0.9.RELEASE.jar:/Users/mic.hussey/.m2/repository/io/projectreactor/reactor-core/3.1.9.RELEASE/reactor-core-3.1.9.RELEASE.jar:/Users/mic.hussey/.m2/repository/org/reactivestreams/reactive-streams/1.0.2/reactive-streams-1.0.2.jar:/Users/mic.hussey/.m2/repository/org/springframework/integration/spring-integration-jmx/5.0.8.RELEASE/spring-integration-jmx-5.0.8.RELEASE.jar:/Users/mic.hussey/.m2/repository/org/springframework/spring-tuple/1.0.0.RELEASE/spring-tuple-1.0.0.RELEASE.jar:/Users/mic.hussey/.m2/repository/com/esotericsoftware/kryo-shaded/3.0.3/kryo-shaded-3.0.3.jar:/Users/mic.hussey/.m2/repository/com/esotericsoftware/minlog/1.3.0/minlog-1.3.0.jar:/Users/mic.hussey/.m2/repository/com/fasterxml/jackson/core/jackson-databind/2.9.6/jackson-databind-2.9.6.jar:/Users/mic.hussey/.m2/repository/com/fasterxml/jackson/core/jackson-annotations/2.9.0/jackson-annotations-2.9.0.jar:/Users/mic.hussey/.m2/repository/com/fasterxml/jackson/core/jackson-core/2.9.6/jackson-core-2.9.6.jar:/Users/mic.hussey/.m2/repository/org/springframework/integration/spring-integration-tuple/1.0.0.RELEASE/spring-integration-tuple-1.0.0.RELEASE.jar:/Users/mic.hussey/.m2/repository/org/springframework/retry/spring-retry/1.2.2.RELEASE/spring-retry-1.2.2.RELEASE.jar:/Users/mic.hussey/.m2/repository/org/springframework/cloud/spring-cloud-stream-binder-kafka/2.0.1.RELEASE/spring-cloud-stream-binder-kafka-2.0.1.RELEASE.jar:/Users/mic.hussey/.m2/repository/org/springframework/cloud/spring-cloud-stream-binder-kafka-core/2.0.1.RELEASE/spring-cloud-stream-binder-kafka-core-2.0.1.RELEASE.jar:/Users/mic.hussey/.m2/repository/org/springframework/integration/spring-integration-kafka/3.0.3.RELEASE/spring-integration-kafka-3.0.3.RELEASE.jar:/Users/mic.hussey/.m2/repository/org/apache/kafka/kafka-clients/1.0.2/kafka-clients-1.0.2.jar:/Users/mic.hussey/.m2/repository/org/lz4/lz4-java/1.4/lz4-java-1.4.jar:/Users/mic.hussey/.m2/repository/org/xerial/snappy/snappy-java/1.1.4/snappy-java-1.1.4.jar:/Users/mic.hussey/.m2/repository/org/slf4j/slf4j-api/1.7.25/slf4j-api-1.7.25.jar:/Users/mic.hussey/.m2/repository/org/springframework/kafka/spring-kafka/2.1.10.RELEASE/spring-kafka-2.1.10.RELEASE.jar:/Users/mic.hussey/.m2/repository/org/springframework/spring-context/5.0.9.RELEASE/spring-context-5.0.9.RELEASE.jar:/Users/mic.hussey/.m2/repository/org/springframework/spring-expression/5.0.9.RELEASE/spring-expression-5.0.9.RELEASE.jar:/Users/mic.hussey/.m2/repository/org/springframework/spring-tx/5.0.9.RELEASE/spring-tx-5.0.9.RELEASE.jar:/Users/mic.hussey/.m2/repository/org/springframework/boot/spring-boot-starter-test/2.0.5.RELEASE/spring-boot-starter-test-2.0.5.RELEASE.jar:/Users/mic.hussey/.m2/repository/org/springframework/boot/spring-boot-starter/2.0.5.RELEASE/spring-boot-starter-2.0.5.RELEASE.jar:/Users/mic.hussey/.m2/repository/org/springframework/boot/spring-boot/2.0.5.RELEASE/spring-boot-2.0.5.RELEASE.jar:/Users/mic.hussey/.m2/repository/org/springframework/boot/spring-boot-starter-logging/2.0.5.RELEASE/spring-boot-starter-logging-2.0.5.RELEASE.jar:/Users/mic.hussey/.m2/repository/ch/qos/logback/logback-classic/1.2.3/logback-classic-1.2.3.jar:/Users/mic.hussey/.m2/repository/ch/qos/logback/logback-core/1.2.3/logback-core-1.2.3.jar:/Users/mic.hussey/.m2/repository/org/apache/logging/log4j/log4j-to-slf4j/2.10.0/log4j-to-slf4j-2.10.0.jar:/Users/mic.hussey/.m2/repository/org/apache/logging/log4j/log4j-api/2.10.0/log4j-api-2.10.0.jar:/Users/mic.hussey/.m2/repository/org/slf4j/jul-to-slf4j/1.7.25/jul-to-slf4j-1.7.25.jar:/Users/mic.hussey/.m2/repository/javax/annotation/javax.annotation-api/1.3.2/javax.annotation-api-1.3.2.jar:/Users/mic.hussey/.m2/repository/org/yaml/snakeyaml/1.19/snakeyaml-1.19.jar:/Users/mic.hussey/.m2/repository/org/springframework/boot/spring-boot-test/2.0.5.RELEASE/spring-boot-test-2.0.5.RELEASE.jar:/Users/mic.hussey/.m2/repository/org/springframework/boot/spring-boot-test-autoconfigure/2.0.5.RELEASE/spring-boot-test-autoconfigure-2.0.5.RELEASE.jar:/Users/mic.hussey/.m2/repository/com/jayway/jsonpath/json-path/2.4.0/json-path-2.4.0.jar:/Users/mic.hussey/.m2/repository/net/minidev/json-smart/2.3/json-smart-2.3.jar:/Users/mic.hussey/.m2/repository/net/minidev/accessors-smart/1.2/accessors-smart-1.2.jar:/Users/mic.hussey/.m2/repository/org/ow2/asm/asm/5.0.4/asm-5.0.4.jar:/Users/mic.hussey/.m2/repository/junit/junit/4.12/junit-4.12.jar:/Users/mic.hussey/.m2/repository/org/assertj/assertj-core/3.9.1/assertj-core-3.9.1.jar:/Users/mic.hussey/.m2/repository/org/mockito/mockito-core/2.15.0/mockito-core-2.15.0.jar:/Users/mic.hussey/.m2/repository/net/bytebuddy/byte-buddy/1.7.11/byte-buddy-1.7.11.jar:/Users/mic.hussey/.m2/repository/net/bytebuddy/byte-buddy-agent/1.7.11/byte-buddy-agent-1.7.11.jar:/Users/mic.hussey/.m2/repository/org/objenesis/objenesis/2.6/objenesis-2.6.jar:/Users/mic.hussey/.m2/repository/org/hamcrest/hamcrest-core/1.3/hamcrest-core-1.3.jar:/Users/mic.hussey/.m2/repository/org/hamcrest/hamcrest-library/1.3/hamcrest-library-1.3.jar:/Users/mic.hussey/.m2/repository/org/skyscreamer/jsonassert/1.5.0/jsonassert-1.5.0.jar:/Users/mic.hussey/.m2/repository/com/vaadin/external/google/android-json/0.0.20131108.vaadin1/android-json-0.0.20131108.vaadin1.jar:/Users/mic.hussey/.m2/repository/org/springframework/spring-core/5.0.9.RELEASE/spring-core-5.0.9.RELEASE.jar:/Users/mic.hussey/.m2/repository/org/springframework/spring-jcl/5.0.9.RELEASE/spring-jcl-5.0.9.RELEASE.jar:/Users/mic.hussey/.m2/repository/org/springframework/spring-test/5.0.9.RELEASE/spring-test-5.0.9.RELEASE.jar:/Users/mic.hussey/.m2/repository/org/xmlunit/xmlunit-core/2.5.1/xmlunit-core-2.5.1.jar:/Users/mic.hussey/.m2/repository/org/springframework/cloud/spring-cloud-stream-test-support/2.0.1.RELEASE/spring-cloud-stream-test-support-2.0.1.RELEASE.jar:/Users/mic.hussey/.m2/repository/org/springframework/boot/spring-boot-autoconfigure/2.0.5.RELEASE/spring-boot-autoconfigure-2.0.5.RELEASE.jar:"/>
    <property name="sun.cpu.endian" value="little"/>
    <property name="user.home" value="/Users/mic.hussey"/>
    <property name="user.language" value="en"/>
    <property name="java.specification.vendor" value="Oracle Corporation"/>
    <property name="java.version.date" value="2018-04-17"/>
    <property name="java.home" value="/Library/Java/JavaVirtualMachines/jdk-10.0.1.jdk/Contents/Home"/>
    <property name="file.separator" value="/"/>
    <property name="basedir" value="/Users/mic.hussey/Documents/GitHub/cp-spring_cloud_streams-example"/>
    <property name="java.vm.compressedOopsMode" value="Zero based"/>
    <property name="line.separator" value="&#10;"/>
    <property name="java.specification.name" value="Java Platform API Specification"/>
    <property name="java.vm.specification.vendor" value="Oracle Corporation"/>
    <property name="java.awt.graphicsenv" value="sun.awt.CGraphicsEnvironment"/>
    <property name="surefire.real.class.path" value="/Users/mic.hussey/Documents/GitHub/cp-spring_cloud_streams-example/target/surefire/surefirebooter18052413778729248499.jar"/>
    <property name="sun.management.compiler" value="HotSpot 64-Bit Tiered Compilers"/>
    <property name="ftp.nonProxyHosts" value="local|*.local|169.254/16|*.169.254/16"/>
    <property name="java.runtime.version" value="10.0.1+10"/>
    <property name="user.name" value="mic.hussey"/>
    <property name="path.separator" value=":"/>
    <property name="os.version" value="10.13.6"/>
    <property name="java.runtime.name" value="Java(TM) SE Runtime Environment"/>
    <property name="file.encoding" value="UTF-8"/>
    <property name="java.vm.name" value="Java HotSpot(TM) 64-Bit Server VM"/>
    <property name="java.vendor.version" value="18.3"/>
    <property name="localRepository" value="/Users/mic.hussey/.m2/repository"/>
    <property name="java.vendor.url.bug" value="http://bugreport.java.com/bugreport/"/>
    <property name="java.io.tmpdir" value="/var/folders/zm/6c_glc5x419cvz72cbsxl0jm0000gn/T/"/>
    <property name="java.version" value="10.0.1"/>
    <property name="user.dir" value="/Users/mic.hussey/Documents/GitHub/cp-spring_cloud_streams-example"/>
    <property name="os.arch" value="x86_64"/>
    <property name="java.vm.specification.name" value="Java Virtual Machine Specification"/>
    <property name="java.awt.printerjob" value="sun.lwawt.macosx.CPrinterJob"/>
    <property name="sun.os.patch.level" value="unknown"/>
    <property name="java.library.path" value="/Users/mic.hussey/Library/Java/Extensions:/Library/Java/Extensions:/Network/Library/Java/Extensions:/System/Library/Java/Extensions:/usr/lib/java:."/>
    <property name="java.vendor" value="Oracle Corporation"/>
    <property name="java.vm.info" value="mixed mode"/>
    <property name="java.vm.version" value="10.0.1+10"/>
    <property name="sun.io.unicode.encoding" value="UnicodeBig"/>
    <property name="java.class.version" value="54.0"/>
    <property name="socksNonProxyHosts" value="local|*.local|169.254/16|*.169.254/16"/>
  </properties>
  <testcase name="contextLoads" classname="io.confluent.examples.scs_demo.ScsDemoApplicationTests" time="0.098"/>
</testsuite>